2021-10-08 1:44:45 PM	This log contains information about the import schema operation into project 'HRIS.Database' on computer 'VM-DEV-001' by user 'cmoon'.
2021-10-08 1:44:45 PM	Import of database schema has started.
2021-10-08 1:44:50 PM	Gathering database credentials
2021-10-08 1:44:50 PM	Gathering database options
2021-10-08 1:44:50 PM	Gathering users
2021-10-08 1:44:50 PM	Gathering roles
2021-10-08 1:44:50 PM	Gathering application roles
2021-10-08 1:44:50 PM	Gathering role memberships
2021-10-08 1:44:50 PM	Gathering filegroups
2021-10-08 1:44:50 PM	Gathering full-text catalogs
2021-10-08 1:44:50 PM	Gathering assemblies
2021-10-08 1:44:50 PM	Gathering certificates
2021-10-08 1:44:50 PM	Gathering asymmetric keys
2021-10-08 1:44:50 PM	Gathering symmetric keys
2021-10-08 1:44:50 PM	Gathering encrypted symmetric keys
2021-10-08 1:44:50 PM	Gathering schemas
2021-10-08 1:44:50 PM	Gathering XML schema collections
2021-10-08 1:44:50 PM	Gathering user-defined data types
2021-10-08 1:44:50 PM	Gathering user-defined types
2021-10-08 1:44:50 PM	Gathering table types
2021-10-08 1:44:50 PM	Gathering unique keys for table types
2021-10-08 1:44:50 PM	Gathering primary keys for table types
2021-10-08 1:44:50 PM	Gathering indexes for table types
2021-10-08 1:44:50 PM	Gathering check constraints for table types
2021-10-08 1:44:50 PM	Gathering default constraints for table types
2021-10-08 1:44:50 PM	Gathering partition functions
2021-10-08 1:44:50 PM	Gathering partition schemes
2021-10-08 1:44:50 PM	Gathering functions
2021-10-08 1:44:50 PM	Gathering encrypted functions
2021-10-08 1:44:50 PM	Gathering aggregates
2021-10-08 1:44:50 PM	Gathering procedures
2021-10-08 1:44:50 PM	Gathering encrypted procedures
2021-10-08 1:44:50 PM	Gathering tables
2021-10-08 1:44:50 PM	Gathering primary keys
2021-10-08 1:44:50 PM	Gathering unique constraints
2021-10-08 1:44:50 PM	Gathering foreign keys
2021-10-08 1:44:50 PM	Gathering default constraints
2021-10-08 1:44:51 PM	Gathering check constraints
2021-10-08 1:44:51 PM	Gathering views
2021-10-08 1:44:51 PM	Gathering encrypted views
2021-10-08 1:44:51 PM	Gathering indexes
2021-10-08 1:44:51 PM	Gathering statistics
2021-10-08 1:44:51 PM	Gathering full-text index stoplists
2021-10-08 1:44:51 PM	Gathering search property lists
2021-10-08 1:44:51 PM	Gathering search properties
2021-10-08 1:44:51 PM	Gathering full-text indexes
2021-10-08 1:44:51 PM	Gathering column store indexes
2021-10-08 1:44:51 PM	Gathering spatial indexes
2021-10-08 1:44:51 PM	Gathering XML indexes
2021-10-08 1:44:51 PM	Gathering Selective XML indexes
2021-10-08 1:44:51 PM	Gathering encrypted triggers
2021-10-08 1:44:51 PM	Gathering triggers
2021-10-08 1:44:51 PM	Gathering encrypted and clr ddl triggers
2021-10-08 1:44:51 PM	Gathering ddl triggers
2021-10-08 1:44:51 PM	Gathering synonyms
2021-10-08 1:44:51 PM	Gathering defaults
2021-10-08 1:44:51 PM	Gathering data constraint uddt bindings
2021-10-08 1:44:51 PM	Gathering rules
2021-10-08 1:44:51 PM	Gathering data constraint uddt bindings
2021-10-08 1:44:51 PM	Gathering message types
2021-10-08 1:44:51 PM	Gathering queues
2021-10-08 1:44:51 PM	Gathering contracts
2021-10-08 1:44:51 PM	Gathering services
2021-10-08 1:44:51 PM	Gathering event notifications
2021-10-08 1:44:51 PM	Gathering remote service bindings
2021-10-08 1:44:51 PM	Gathering broker priorities
2021-10-08 1:44:51 PM	Gathering signatures
2021-10-08 1:44:51 PM	Gathering data compression options
2021-10-08 1:44:51 PM	Gathering sequence types
2021-10-08 1:44:51 PM	Gathering security policies
2021-10-08 1:44:51 PM	Gather column encryption keys
2021-10-08 1:44:51 PM	Gathering column master keys
2021-10-08 1:44:51 PM	Gathering external data sources
2021-10-08 1:44:51 PM	Gathering external file formats
2021-10-08 1:44:51 PM	Gathering external tables
2021-10-08 1:44:51 PM	Gathering extended properties
2021-10-08 1:44:51 PM	Gathering credentials
2021-10-08 1:44:51 PM	Gathering logins
2021-10-08 1:44:51 PM	Gathering server audits
2021-10-08 1:44:51 PM	Scanning project for duplicate elements
2021-10-08 1:44:51 PM	Finished duplicate element processing
2021-10-08 1:44:51 PM	Finished importing database.
2021-10-08 1:44:51 PM	A summary of the import was saved to the following location: C:\Devs01\HRIS\HRIS.Project\HRIS.Database\Import Schema Logs\HRIS.Database_20211008074445.log
2021-10-08 1:44:51 PM	Click Finish to continue...
